{"/Users/MattZo/Documents/indie/master-pfas/src/renderer/store/water.store.ts": {"path":"/Users/MattZo/Documents/indie/master-pfas/src/renderer/store/water.store.ts","statementMap":{"0":{"start":{"line":1,"column":0},"end":{"line":1,"column":52}},"1":{"start":{"line":2,"column":0},"end":{"line":2,"column":26}},"2":{"start":{"line":18,"column":0},"end":{"line":18,"column":13}},"3":{"start":{"line":19,"column":16},"end":{"line":19,"column":56}},"4":{"start":{"line":21,"column":16},"end":{"line":21,"column":48}},"5":{"start":{"line":23,"column":16},"end":{"line":23,"column":51}},"6":{"start":{"line":30,"column":8},"end":{"line":30,"column":48}},"7":{"start":{"line":25,"column":14},"end":{"line":27,"column":null}},"8":{"start":{"line":26,"column":8},"end":{"line":26,"column":35}},"9":{"start":{"line":34,"column":11},"end":{"line":44,"column":null}},"10":{"start":{"line":35,"column":8},"end":{"line":35,"column":30}},"11":{"start":{"line":36,"column":8},"end":{"line":43,"column":10}},"12":{"start":{"line":47,"column":11},"end":{"line":56,"column":null}},"13":{"start":{"line":48,"column":8},"end":{"line":48,"column":29}},"14":{"start":{"line":49,"column":22},"end":{"line":49,"column":66}},"15":{"start":{"line":49,"column":52},"end":{"line":49,"column":66}},"16":{"start":{"line":50,"column":8},"end":{"line":52,"column":null}},"17":{"start":{"line":51,"column":12},"end":{"line":51,"column":66}},"18":{"start":{"line":53,"column":16},"end":{"line":53,"column":20}},"19":{"start":{"line":53,"column":22},"end":{"line":53,"column":33}},"20":{"start":{"line":54,"column":14},"end":{"line":54,"column":16}},"21":{"start":{"line":54,"column":16},"end":{"line":54,"column":27}},"22":{"start":{"line":54,"column":29},"end":{"line":54,"column":38}},"23":{"start":{"line":54,"column":40},"end":{"line":54,"column":48}},"24":{"start":{"line":54,"column":50},"end":{"line":54,"column":74}},"25":{"start":{"line":55,"column":8},"end":{"line":55,"column":93}},"26":{"start":{"line":59,"column":11},"end":{"line":61,"column":null}},"27":{"start":{"line":60,"column":8},"end":{"line":60,"column":77}},"28":{"start":{"line":60,"column":62},"end":{"line":60,"column":76}},"29":{"start":{"line":64,"column":11},"end":{"line":75,"column":null}},"30":{"start":{"line":63,"column":4},"end":{"line":63,"column":5}},"31":{"start":{"line":65,"column":23},"end":{"line":65,"column":78}},"32":{"start":{"line":65,"column":53},"end":{"line":65,"column":78}},"33":{"start":{"line":66,"column":8},"end":{"line":68,"column":null}},"34":{"start":{"line":67,"column":12},"end":{"line":67,"column":78}},"35":{"start":{"line":69,"column":18},"end":{"line":69,"column":50}},"36":{"start":{"line":70,"column":8},"end":{"line":70,"column":46}},"37":{"start":{"line":71,"column":8},"end":{"line":71,"column":32}},"38":{"start":{"line":72,"column":8},"end":{"line":72,"column":29}},"39":{"start":{"line":74,"column":8},"end":{"line":74,"column":30}},"40":{"start":{"line":78,"column":11},"end":{"line":93,"column":null}},"41":{"start":{"line":79,"column":20},"end":{"line":79,"column":24}},"42":{"start":{"line":80,"column":8},"end":{"line":82,"column":null}},"43":{"start":{"line":81,"column":12},"end":{"line":81,"column":73}},"44":{"start":{"line":83,"column":14},"end":{"line":83,"column":16}},"45":{"start":{"line":83,"column":16},"end":{"line":83,"column":27}},"46":{"start":{"line":83,"column":29},"end":{"line":83,"column":40}},"47":{"start":{"line":83,"column":42},"end":{"line":83,"column":49}},"48":{"start":{"line":83,"column":51},"end":{"line":83,"column":59}},"49":{"start":{"line":83,"column":61},"end":{"line":83,"column":92}},"50":{"start":{"line":84,"column":22},"end":{"line":91,"column":10}},"51":{"start":{"line":92,"column":8},"end":{"line":92,"column":40}},"52":{"start":{"line":19,"column":16},"end":{"line":19,"column":null}},"53":{"start":{"line":21,"column":16},"end":{"line":21,"column":null}},"54":{"start":{"line":23,"column":16},"end":{"line":23,"column":null}},"55":{"start":{"line":34,"column":4},"end":{"line":44,"column":null}},"56":{"start":{"line":47,"column":4},"end":{"line":56,"column":null}},"57":{"start":{"line":59,"column":4},"end":{"line":61,"column":null}},"58":{"start":{"line":64,"column":4},"end":{"line":75,"column":null}},"59":{"start":{"line":78,"column":4},"end":{"line":93,"column":null}},"60":{"start":{"line":94,"column":0},"end":{"line":94,"column":null}},"61":{"start":{"line":18,"column":13},"end":{"line":18,"column":23}}},"fnMap":{"0":{"name":"(anonymous_3)","decl":{"start":{"line":18,"column":0},"end":{"line":18,"column":13}},"loc":{"start":{"line":18,"column":0},"end":{"line":18,"column":13}}},"1":{"name":"WaterStore","decl":{"start":{"line":29,"column":4},"end":{"line":29,"column":16}},"loc":{"start":{"line":29,"column":38},"end":{"line":31,"column":5}}},"2":{"name":"(anonymous_5)","decl":{"start":{"line":25,"column":14},"end":{"line":25,"column":18}},"loc":{"start":{"line":25,"column":14},"end":{"line":27,"column":5}}},"3":{"name":"(anonymous_6)","decl":{"start":{"line":34,"column":4},"end":{"line":34,"column":11}},"loc":{"start":{"line":34,"column":4},"end":{"line":44,"column":5}}},"4":{"name":"(anonymous_7)","decl":{"start":{"line":47,"column":4},"end":{"line":47,"column":11}},"loc":{"start":{"line":47,"column":33},"end":{"line":56,"column":5}}},"5":{"name":"(anonymous_8)","decl":{"start":{"line":49,"column":47},"end":{"line":49,"column":48}},"loc":{"start":{"line":49,"column":48},"end":{"line":49,"column":53}}},"6":{"name":"(anonymous_9)","decl":{"start":{"line":59,"column":4},"end":{"line":59,"column":11}},"loc":{"start":{"line":59,"column":35},"end":{"line":61,"column":5}}},"7":{"name":"(anonymous_10)","decl":{"start":{"line":60,"column":57},"end":{"line":60,"column":58}},"loc":{"start":{"line":60,"column":58},"end":{"line":60,"column":63}}},"8":{"name":"(anonymous_11)","decl":{"start":{"line":64,"column":4},"end":{"line":64,"column":11}},"loc":{"start":{"line":64,"column":4},"end":{"line":75,"column":5}}},"9":{"name":"(anonymous_12)","decl":{"start":{"line":65,"column":48},"end":{"line":65,"column":49}},"loc":{"start":{"line":65,"column":49},"end":{"line":65,"column":54}}},"10":{"name":"(anonymous_13)","decl":{"start":{"line":78,"column":4},"end":{"line":78,"column":11}},"loc":{"start":{"line":78,"column":30},"end":{"line":93,"column":5}}}},"branchMap":{"0":{"loc":{"start":{"line":30,"column":24},"end":{"line":30,"column":30}},"type":"binary-expr","locations":[{"start":{"line":30,"column":24},"end":{"line":30,"column":30}},{"start":{"line":30,"column":34},"end":{"line":30,"column":47}}]},"1":{"loc":{"start":{"line":50,"column":8},"end":{"line":52,"column":null}},"type":"if","locations":[{"start":{"line":50,"column":8},"end":{"line":52,"column":null}},{"start":{"line":50,"column":8},"end":{"line":52,"column":null}}]},"2":{"loc":{"start":{"line":66,"column":8},"end":{"line":68,"column":null}},"type":"if","locations":[{"start":{"line":66,"column":8},"end":{"line":68,"column":null}},{"start":{"line":66,"column":8},"end":{"line":68,"column":null}}]},"3":{"loc":{"start":{"line":80,"column":8},"end":{"line":82,"column":null}},"type":"if","locations":[{"start":{"line":80,"column":8},"end":{"line":82,"column":null}},{"start":{"line":80,"column":8},"end":{"line":82,"column":null}}]}},"s":{"0":1,"1":1,"2":1,"3":5,"4":5,"5":5,"6":5,"7":2,"8":1,"9":1,"10":1,"11":1,"12":1,"13":3,"14":3,"15":5,"16":3,"17":1,"18":2,"19":2,"20":2,"21":2,"22":2,"23":2,"24":2,"25":2,"26":1,"27":1,"28":3,"29":1,"30":2,"31":2,"32":4,"33":2,"34":1,"35":1,"36":1,"37":1,"38":1,"39":1,"40":1,"41":2,"42":2,"43":1,"44":1,"45":1,"46":1,"47":1,"48":1,"49":1,"50":1,"51":1,"52":1,"53":1,"54":1,"55":1,"56":1,"57":1,"58":1,"59":1,"60":1,"61":1},"f":{"0":1,"1":5,"2":1,"3":1,"4":3,"5":5,"6":1,"7":3,"8":2,"9":4,"10":2},"b":{"0":[5,0],"1":[1,2],"2":[1,1],"3":[1,1]}}
}
