{"/Users/MattZo/Documents/indie/master-pfas/src/renderer/store/water.store.ts": {"path":"/Users/MattZo/Documents/indie/master-pfas/src/renderer/store/water.store.ts","statementMap":{"0":{"start":{"line":1,"column":0},"end":{"line":1,"column":52}},"1":{"start":{"line":3,"column":0},"end":{"line":3,"column":26}},"2":{"start":{"line":20,"column":0},"end":{"line":20,"column":13}},"3":{"start":{"line":21,"column":16},"end":{"line":21,"column":56}},"4":{"start":{"line":22,"column":16},"end":{"line":22,"column":48}},"5":{"start":{"line":23,"column":16},"end":{"line":23,"column":51}},"6":{"start":{"line":30,"column":8},"end":{"line":30,"column":48}},"7":{"start":{"line":25,"column":14},"end":{"line":27,"column":null}},"8":{"start":{"line":26,"column":8},"end":{"line":26,"column":35}},"9":{"start":{"line":34,"column":11},"end":{"line":44,"column":null}},"10":{"start":{"line":35,"column":8},"end":{"line":35,"column":30}},"11":{"start":{"line":36,"column":8},"end":{"line":43,"column":10}},"12":{"start":{"line":47,"column":11},"end":{"line":57,"column":null}},"13":{"start":{"line":48,"column":8},"end":{"line":48,"column":29}},"14":{"start":{"line":49,"column":22},"end":{"line":49,"column":66}},"15":{"start":{"line":49,"column":52},"end":{"line":49,"column":66}},"16":{"start":{"line":50,"column":8},"end":{"line":53,"column":null}},"17":{"start":{"line":51,"column":12},"end":{"line":51,"column":63}},"18":{"start":{"line":52,"column":12},"end":{"line":52,"column":21}},"19":{"start":{"line":54,"column":16},"end":{"line":54,"column":20}},"20":{"start":{"line":54,"column":22},"end":{"line":54,"column":33}},"21":{"start":{"line":55,"column":14},"end":{"line":55,"column":16}},"22":{"start":{"line":55,"column":16},"end":{"line":55,"column":27}},"23":{"start":{"line":55,"column":29},"end":{"line":55,"column":38}},"24":{"start":{"line":55,"column":40},"end":{"line":55,"column":48}},"25":{"start":{"line":55,"column":50},"end":{"line":55,"column":73}},"26":{"start":{"line":56,"column":8},"end":{"line":56,"column":93}},"27":{"start":{"line":60,"column":11},"end":{"line":62,"column":null}},"28":{"start":{"line":61,"column":8},"end":{"line":61,"column":77}},"29":{"start":{"line":61,"column":62},"end":{"line":61,"column":76}},"30":{"start":{"line":65,"column":11},"end":{"line":77,"column":null}},"31":{"start":{"line":64,"column":4},"end":{"line":64,"column":5}},"32":{"start":{"line":66,"column":23},"end":{"line":66,"column":78}},"33":{"start":{"line":66,"column":53},"end":{"line":66,"column":78}},"34":{"start":{"line":67,"column":8},"end":{"line":70,"column":null}},"35":{"start":{"line":68,"column":12},"end":{"line":68,"column":75}},"36":{"start":{"line":69,"column":12},"end":{"line":69,"column":21}},"37":{"start":{"line":71,"column":18},"end":{"line":71,"column":50}},"38":{"start":{"line":72,"column":8},"end":{"line":72,"column":46}},"39":{"start":{"line":73,"column":8},"end":{"line":73,"column":32}},"40":{"start":{"line":74,"column":8},"end":{"line":74,"column":29}},"41":{"start":{"line":76,"column":8},"end":{"line":76,"column":30}},"42":{"start":{"line":80,"column":11},"end":{"line":94,"column":null}},"43":{"start":{"line":81,"column":20},"end":{"line":81,"column":24}},"44":{"start":{"line":82,"column":8},"end":{"line":85,"column":null}},"45":{"start":{"line":83,"column":12},"end":{"line":83,"column":70}},"46":{"start":{"line":84,"column":12},"end":{"line":84,"column":21}},"47":{"start":{"line":86,"column":14},"end":{"line":86,"column":16}},"48":{"start":{"line":86,"column":16},"end":{"line":86,"column":27}},"49":{"start":{"line":86,"column":29},"end":{"line":86,"column":40}},"50":{"start":{"line":86,"column":42},"end":{"line":86,"column":49}},"51":{"start":{"line":86,"column":51},"end":{"line":86,"column":59}},"52":{"start":{"line":86,"column":61},"end":{"line":86,"column":91}},"53":{"start":{"line":87,"column":22},"end":{"line":92,"column":10}},"54":{"start":{"line":93,"column":8},"end":{"line":93,"column":40}},"55":{"start":{"line":21,"column":16},"end":{"line":21,"column":null}},"56":{"start":{"line":22,"column":16},"end":{"line":22,"column":null}},"57":{"start":{"line":23,"column":16},"end":{"line":23,"column":null}},"58":{"start":{"line":34,"column":4},"end":{"line":44,"column":null}},"59":{"start":{"line":47,"column":4},"end":{"line":57,"column":null}},"60":{"start":{"line":60,"column":4},"end":{"line":62,"column":null}},"61":{"start":{"line":65,"column":4},"end":{"line":77,"column":null}},"62":{"start":{"line":80,"column":4},"end":{"line":94,"column":null}},"63":{"start":{"line":95,"column":0},"end":{"line":95,"column":null}},"64":{"start":{"line":20,"column":13},"end":{"line":20,"column":23}}},"fnMap":{"0":{"name":"(anonymous_3)","decl":{"start":{"line":20,"column":0},"end":{"line":20,"column":13}},"loc":{"start":{"line":20,"column":0},"end":{"line":20,"column":13}}},"1":{"name":"WaterStore","decl":{"start":{"line":29,"column":4},"end":{"line":29,"column":16}},"loc":{"start":{"line":29,"column":38},"end":{"line":31,"column":5}}},"2":{"name":"(anonymous_5)","decl":{"start":{"line":25,"column":14},"end":{"line":25,"column":18}},"loc":{"start":{"line":25,"column":14},"end":{"line":27,"column":5}}},"3":{"name":"(anonymous_6)","decl":{"start":{"line":34,"column":4},"end":{"line":34,"column":11}},"loc":{"start":{"line":34,"column":4},"end":{"line":44,"column":5}}},"4":{"name":"(anonymous_7)","decl":{"start":{"line":47,"column":4},"end":{"line":47,"column":11}},"loc":{"start":{"line":47,"column":33},"end":{"line":57,"column":5}}},"5":{"name":"(anonymous_8)","decl":{"start":{"line":49,"column":47},"end":{"line":49,"column":48}},"loc":{"start":{"line":49,"column":48},"end":{"line":49,"column":53}}},"6":{"name":"(anonymous_9)","decl":{"start":{"line":60,"column":4},"end":{"line":60,"column":11}},"loc":{"start":{"line":60,"column":35},"end":{"line":62,"column":5}}},"7":{"name":"(anonymous_10)","decl":{"start":{"line":61,"column":57},"end":{"line":61,"column":58}},"loc":{"start":{"line":61,"column":58},"end":{"line":61,"column":63}}},"8":{"name":"(anonymous_11)","decl":{"start":{"line":65,"column":4},"end":{"line":65,"column":11}},"loc":{"start":{"line":65,"column":4},"end":{"line":77,"column":5}}},"9":{"name":"(anonymous_12)","decl":{"start":{"line":66,"column":48},"end":{"line":66,"column":49}},"loc":{"start":{"line":66,"column":49},"end":{"line":66,"column":54}}},"10":{"name":"(anonymous_13)","decl":{"start":{"line":80,"column":4},"end":{"line":80,"column":11}},"loc":{"start":{"line":80,"column":30},"end":{"line":94,"column":5}}}},"branchMap":{"0":{"loc":{"start":{"line":30,"column":24},"end":{"line":30,"column":30}},"type":"binary-expr","locations":[{"start":{"line":30,"column":24},"end":{"line":30,"column":30}},{"start":{"line":30,"column":34},"end":{"line":30,"column":47}}]},"1":{"loc":{"start":{"line":50,"column":8},"end":{"line":53,"column":null}},"type":"if","locations":[{"start":{"line":50,"column":8},"end":{"line":53,"column":null}},{"start":{"line":50,"column":8},"end":{"line":53,"column":null}}]},"2":{"loc":{"start":{"line":67,"column":8},"end":{"line":70,"column":null}},"type":"if","locations":[{"start":{"line":67,"column":8},"end":{"line":70,"column":null}},{"start":{"line":67,"column":8},"end":{"line":70,"column":null}}]},"3":{"loc":{"start":{"line":82,"column":8},"end":{"line":85,"column":null}},"type":"if","locations":[{"start":{"line":82,"column":8},"end":{"line":85,"column":null}},{"start":{"line":82,"column":8},"end":{"line":85,"column":null}}]}},"s":{"0":1,"1":1,"2":1,"3":5,"4":5,"5":5,"6":5,"7":2,"8":1,"9":1,"10":1,"11":1,"12":1,"13":3,"14":3,"15":5,"16":3,"17":1,"18":1,"19":2,"20":2,"21":2,"22":2,"23":2,"24":2,"25":2,"26":2,"27":1,"28":1,"29":3,"30":1,"31":2,"32":2,"33":4,"34":2,"35":1,"36":1,"37":1,"38":1,"39":1,"40":1,"41":1,"42":1,"43":2,"44":2,"45":1,"46":1,"47":1,"48":1,"49":1,"50":1,"51":1,"52":1,"53":1,"54":1,"55":1,"56":1,"57":1,"58":1,"59":1,"60":1,"61":1,"62":1,"63":1,"64":1},"f":{"0":1,"1":5,"2":1,"3":1,"4":3,"5":5,"6":1,"7":3,"8":2,"9":4,"10":2},"b":{"0":[5,0],"1":[1,2],"2":[1,1],"3":[1,1]}}
}
