TN:
SF:/Users/MattZo/Documents/indie/master-pfas/src/renderer/store/water.store.ts
FN:18,(anonymous_3)
FN:29,WaterStore
FN:25,(anonymous_5)
FN:34,(anonymous_6)
FN:47,(anonymous_7)
FN:49,(anonymous_8)
FN:59,(anonymous_9)
FN:60,(anonymous_10)
FN:64,(anonymous_11)
FN:65,(anonymous_12)
FN:78,(anonymous_13)
FNF:11
FNH:11
FNDA:1,(anonymous_3)
FNDA:5,WaterStore
FNDA:1,(anonymous_5)
FNDA:1,(anonymous_6)
FNDA:3,(anonymous_7)
FNDA:5,(anonymous_8)
FNDA:1,(anonymous_9)
FNDA:3,(anonymous_10)
FNDA:2,(anonymous_11)
FNDA:4,(anonymous_12)
FNDA:2,(anonymous_13)
DA:1,1
DA:2,1
DA:18,1
DA:19,5
DA:21,5
DA:23,5
DA:25,2
DA:26,1
DA:30,5
DA:34,1
DA:35,1
DA:36,1
DA:47,1
DA:48,3
DA:49,5
DA:50,3
DA:51,1
DA:53,2
DA:54,2
DA:55,2
DA:59,1
DA:60,3
DA:63,2
DA:64,1
DA:65,4
DA:66,2
DA:67,1
DA:69,1
DA:70,1
DA:71,1
DA:72,1
DA:74,1
DA:78,1
DA:79,2
DA:80,2
DA:81,1
DA:83,1
DA:84,1
DA:92,1
DA:94,1
LF:40
LH:40
BRDA:30,0,0,5
BRDA:30,0,1,0
BRDA:50,1,0,1
BRDA:50,1,1,2
BRDA:66,2,0,1
BRDA:66,2,1,1
BRDA:80,3,0,1
BRDA:80,3,1,1
BRF:8
BRH:7
end_of_record
