TN:
SF:/Users/MattZo/Documents/indie/master-pfas/src/renderer/store/water.store.ts
FN:20,(anonymous_3)
FN:29,WaterStore
FN:25,(anonymous_5)
FN:34,(anonymous_6)
FN:47,(anonymous_7)
FN:49,(anonymous_8)
FN:60,(anonymous_9)
FN:61,(anonymous_10)
FN:65,(anonymous_11)
FN:66,(anonymous_12)
FN:80,(anonymous_13)
FNF:11
FNH:11
FNDA:1,(anonymous_3)
FNDA:5,WaterStore
FNDA:1,(anonymous_5)
FNDA:1,(anonymous_6)
FNDA:3,(anonymous_7)
FNDA:5,(anonymous_8)
FNDA:1,(anonymous_9)
FNDA:3,(anonymous_10)
FNDA:2,(anonymous_11)
FNDA:4,(anonymous_12)
FNDA:2,(anonymous_13)
DA:1,1
DA:3,1
DA:20,1
DA:21,5
DA:22,5
DA:23,5
DA:25,2
DA:26,1
DA:30,5
DA:34,1
DA:35,1
DA:36,1
DA:47,1
DA:48,3
DA:49,5
DA:50,3
DA:51,1
DA:52,1
DA:54,2
DA:55,2
DA:56,2
DA:60,1
DA:61,3
DA:64,2
DA:65,1
DA:66,4
DA:67,2
DA:68,1
DA:69,1
DA:71,1
DA:72,1
DA:73,1
DA:74,1
DA:76,1
DA:80,1
DA:81,2
DA:82,2
DA:83,1
DA:84,1
DA:86,1
DA:87,1
DA:93,1
DA:95,1
LF:43
LH:43
BRDA:30,0,0,5
BRDA:30,0,1,0
BRDA:50,1,0,1
BRDA:50,1,1,2
BRDA:67,2,0,1
BRDA:67,2,1,1
BRDA:82,3,0,1
BRDA:82,3,1,1
BRF:8
BRH:7
end_of_record
